-- Install configuration: ""
-- Up-to-date: /home/morenmoren/realman_gripper_ws/install/rm_eco65_gripper/share/rm_eco65_gripper/launch
-- Up-to-date: /home/morenmoren/realman_gripper_ws/install/rm_eco65_gripper/share/rm_eco65_gripper/launch/gazebo.launch.py
-- Up-to-date: /home/morenmoren/realman_gripper_ws/install/rm_eco65_gripper/share/rm_eco65_gripper/launch/display.launch.py
-- Up-to-date: /home/morenmoren/realman_gripper_ws/install/rm_eco65_gripper/share/rm_eco65_gripper/urdf
-- Up-to-date: /home/morenmoren/realman_gripper_ws/install/rm_eco65_gripper/share/rm_eco65_gripper/urdf/rm_joint.urdf.xacro
-- Up-to-date: /home/morenmoren/realman_gripper_ws/install/rm_eco65_gripper/share/rm_eco65_gripper/urdf/rm_eco65_control.urdf.xacro
-- Up-to-date: /home/morenmoren/realman_gripper_ws/install/rm_eco65_gripper/share/rm_eco65_gripper/urdf/rm_eco65_gripper.urdf
-- Installing: /home/morenmoren/realman_gripper_ws/install/rm_eco65_gripper/share/rm_eco65_gripper/urdf/rm_eco65_gripper_description.urdf.xacro
-- Up-to-date: /home/morenmoren/realman_gripper_ws/install/rm_eco65_gripper/share/rm_eco65_gripper/urdf/rm_two_finger_gripper.urdf.xacro
-- Installing: /home/morenmoren/realman_gripper_ws/install/rm_eco65_gripper/share/rm_eco65_gripper/urdf/rm_eco65_gazebo.urdf.xacro
-- Up-to-date: /home/morenmoren/realman_gripper_ws/install/rm_eco65_gripper/share/rm_eco65_gripper/urdf/common_gazebo.urdf.xacro
-- Up-to-date: /home/morenmoren/realman_gripper_ws/install/rm_eco65_gripper/share/rm_eco65_gripper/urdf/rm_gripper_control.urdf.xacro
-- Up-to-date: /home/morenmoren/realman_gripper_ws/install/rm_eco65_gripper/share/rm_eco65_gripper/meshes
-- Up-to-date: /home/morenmoren/realman_gripper_ws/install/rm_eco65_gripper/share/rm_eco65_gripper/meshes/rm_eco65_arm
-- Up-to-date: /home/morenmoren/realman_gripper_ws/install/rm_eco65_gripper/share/rm_eco65_gripper/meshes/rm_eco65_arm/Link4.STL
-- Up-to-date: /home/morenmoren/realman_gripper_ws/install/rm_eco65_gripper/share/rm_eco65_gripper/meshes/rm_eco65_arm/Link2.STL
-- Up-to-date: /home/morenmoren/realman_gripper_ws/install/rm_eco65_gripper/share/rm_eco65_gripper/meshes/rm_eco65_arm/Link3.STL
-- Up-to-date: /home/morenmoren/realman_gripper_ws/install/rm_eco65_gripper/share/rm_eco65_gripper/meshes/rm_eco65_arm/Link6_6f.STL
-- Up-to-date: /home/morenmoren/realman_gripper_ws/install/rm_eco65_gripper/share/rm_eco65_gripper/meshes/rm_eco65_arm/Link1.STL
-- Up-to-date: /home/morenmoren/realman_gripper_ws/install/rm_eco65_gripper/share/rm_eco65_gripper/meshes/rm_eco65_arm/Link5.STL
-- Up-to-date: /home/morenmoren/realman_gripper_ws/install/rm_eco65_gripper/share/rm_eco65_gripper/meshes/rm_eco65_arm/Link6_6fb.STL
-- Up-to-date: /home/morenmoren/realman_gripper_ws/install/rm_eco65_gripper/share/rm_eco65_gripper/meshes/rm_eco65_arm/baselink.STL
-- Up-to-date: /home/morenmoren/realman_gripper_ws/install/rm_eco65_gripper/share/rm_eco65_gripper/meshes/rm_eco65_arm/Link6.STL
-- Up-to-date: /home/morenmoren/realman_gripper_ws/install/rm_eco65_gripper/share/rm_eco65_gripper/meshes/rm_two_finger_gripper
-- Up-to-date: /home/morenmoren/realman_gripper_ws/install/rm_eco65_gripper/share/rm_eco65_gripper/meshes/rm_two_finger_gripper/4C2_Link5.STL
-- Up-to-date: /home/morenmoren/realman_gripper_ws/install/rm_eco65_gripper/share/rm_eco65_gripper/meshes/rm_two_finger_gripper/4C2_Link2.STL
-- Up-to-date: /home/morenmoren/realman_gripper_ws/install/rm_eco65_gripper/share/rm_eco65_gripper/meshes/rm_two_finger_gripper/4C2_Link4.STL
-- Up-to-date: /home/morenmoren/realman_gripper_ws/install/rm_eco65_gripper/share/rm_eco65_gripper/meshes/rm_two_finger_gripper/4C2_Link6.STL
-- Up-to-date: /home/morenmoren/realman_gripper_ws/install/rm_eco65_gripper/share/rm_eco65_gripper/meshes/rm_two_finger_gripper/4C2_baselink.STL
-- Up-to-date: /home/morenmoren/realman_gripper_ws/install/rm_eco65_gripper/share/rm_eco65_gripper/meshes/rm_two_finger_gripper/4C2_Link1.STL
-- Up-to-date: /home/morenmoren/realman_gripper_ws/install/rm_eco65_gripper/share/rm_eco65_gripper/meshes/rm_two_finger_gripper/4C2_Link3.STL
-- Up-to-date: /home/morenmoren/realman_gripper_ws/install/rm_eco65_gripper/share/ament_index/resource_index/package_run_dependencies/rm_eco65_gripper
-- Up-to-date: /home/morenmoren/realman_gripper_ws/install/rm_eco65_gripper/share/ament_index/resource_index/parent_prefix_path/rm_eco65_gripper
-- Up-to-date: /home/morenmoren/realman_gripper_ws/install/rm_eco65_gripper/share/rm_eco65_gripper/environment/ament_prefix_path.sh
-- Up-to-date: /home/morenmoren/realman_gripper_ws/install/rm_eco65_gripper/share/rm_eco65_gripper/environment/ament_prefix_path.dsv
-- Up-to-date: /home/morenmoren/realman_gripper_ws/install/rm_eco65_gripper/share/rm_eco65_gripper/environment/path.sh
-- Up-to-date: /home/morenmoren/realman_gripper_ws/install/rm_eco65_gripper/share/rm_eco65_gripper/environment/path.dsv
-- Up-to-date: /home/morenmoren/realman_gripper_ws/install/rm_eco65_gripper/share/rm_eco65_gripper/local_setup.bash
-- Up-to-date: /home/morenmoren/realman_gripper_ws/install/rm_eco65_gripper/share/rm_eco65_gripper/local_setup.sh
-- Up-to-date: /home/morenmoren/realman_gripper_ws/install/rm_eco65_gripper/share/rm_eco65_gripper/local_setup.zsh
-- Up-to-date: /home/morenmoren/realman_gripper_ws/install/rm_eco65_gripper/share/rm_eco65_gripper/local_setup.dsv
-- Installing: /home/morenmoren/realman_gripper_ws/install/rm_eco65_gripper/share/rm_eco65_gripper/package.dsv
-- Up-to-date: /home/morenmoren/realman_gripper_ws/install/rm_eco65_gripper/share/ament_index/resource_index/packages/rm_eco65_gripper
-- Up-to-date: /home/morenmoren/realman_gripper_ws/install/rm_eco65_gripper/share/rm_eco65_gripper/cmake/rm_eco65_gripperConfig.cmake
-- Up-to-date: /home/morenmoren/realman_gripper_ws/install/rm_eco65_gripper/share/rm_eco65_gripper/cmake/rm_eco65_gripperConfig-version.cmake
-- Up-to-date: /home/morenmoren/realman_gripper_ws/install/rm_eco65_gripper/share/rm_eco65_gripper/package.xml
