[0.008s] Invoking command in '/home/morenmoren/realman_gripper_ws/build/rm_description': CMAKE_PREFIX_PATH=/opt/ros/humble CONDA_PROMPT_MODIFIER=(base) /usr/bin/cmake /home/morenmoren/realman_gripper_ws/src/rm_eco65_gripper -DCMAKE_INSTALL_PREFIX=/home/morenmoren/realman_gripper_ws/install/rm_description
[0.063s] -- The C compiler identification is GNU 12.3.0
[0.099s] -- The CXX compiler identification is GNU 11.4.0
[0.104s] -- Detecting C compiler ABI info
[0.158s] -- Detecting C compiler ABI info - done
[0.163s] -- Check for working C compiler: /usr/bin/cc - skipped
[0.163s] -- Detecting C compile features
[0.163s] -- Detecting C compile features - done
[0.164s] -- Detecting CXX compiler ABI info
[0.219s] -- Detecting CXX compiler ABI info - done
[0.226s] -- Check for working CXX compiler: /usr/bin/c++ - skipped
[0.226s] -- Detecting CXX compile features
[0.227s] -- Detecting CXX compile features - done
[0.229s] -- Found ament_cmake: 1.3.11 (/opt/ros/humble/share/ament_cmake/cmake)
[0.440s] -- Found Python3: /home/morenmoren/miniconda3/bin/python3 (found version "3.12.9") found components: Interpreter 
[0.518s] -- Found ament_lint_auto: 0.12.11 (/opt/ros/humble/share/ament_lint_auto/cmake)
[0.590s] -- Added test 'copyright' to check source files copyright and LICENSE
[0.592s] -- Added test 'lint_cmake' to check CMake code style
[0.593s] -- Added test 'xmllint' to check XML markup files
[0.594s] -- Configuring done
[0.595s] -- Generating done
[0.596s] -- Build files have been written to: /home/morenmoren/realman_gripper_ws/build/rm_description
[0.601s] Invoked command in '/home/morenmoren/realman_gripper_ws/build/rm_description' returned '0': CMAKE_PREFIX_PATH=/opt/ros/humble CONDA_PROMPT_MODIFIER=(base) /usr/bin/cmake /home/morenmoren/realman_gripper_ws/src/rm_eco65_gripper -DCMAKE_INSTALL_PREFIX=/home/morenmoren/realman_gripper_ws/install/rm_description
[0.601s] Invoking command in '/home/morenmoren/realman_gripper_ws/build/rm_description': CMAKE_PREFIX_PATH=/opt/ros/humble CONDA_PROMPT_MODIFIER=(base) /usr/bin/cmake --build /home/morenmoren/realman_gripper_ws/build/rm_description -- -j22 -l22
[0.633s] Invoked command in '/home/morenmoren/realman_gripper_ws/build/rm_description' returned '0': CMAKE_PREFIX_PATH=/opt/ros/humble CONDA_PROMPT_MODIFIER=(base) /usr/bin/cmake --build /home/morenmoren/realman_gripper_ws/build/rm_description -- -j22 -l22
[0.640s] Invoking command in '/home/morenmoren/realman_gripper_ws/build/rm_description': CMAKE_PREFIX_PATH=/opt/ros/humble CONDA_PROMPT_MODIFIER=(base) /usr/bin/cmake --install /home/morenmoren/realman_gripper_ws/build/rm_description
[0.644s] -- Install configuration: ""
[0.644s] -- Installing: /home/morenmoren/realman_gripper_ws/install/rm_description/share/rm_description/launch
[0.644s] -- Installing: /home/morenmoren/realman_gripper_ws/install/rm_description/share/rm_description/launch/gazebo.launch
[0.644s] -- Installing: /home/morenmoren/realman_gripper_ws/install/rm_description/share/rm_description/launch/display.launch
[0.644s] -- Installing: /home/morenmoren/realman_gripper_ws/install/rm_description/share/rm_description/urdf
[0.645s] -- Installing: /home/morenmoren/realman_gripper_ws/install/rm_description/share/rm_description/urdf/rm_joint.urdf.xacro
[0.645s] -- Installing: /home/morenmoren/realman_gripper_ws/install/rm_description/share/rm_description/urdf/rm_eco65_control.urdf.xacro
[0.645s] -- Installing: /home/morenmoren/realman_gripper_ws/install/rm_description/share/rm_description/urdf/rm_two_finger_griper.urdf
[0.645s] -- Installing: /home/morenmoren/realman_gripper_ws/install/rm_description/share/rm_description/urdf/rm_eco65_gripper_description.urdf.xacro
[0.645s] -- Installing: /home/morenmoren/realman_gripper_ws/install/rm_description/share/rm_description/urdf/rm_eco65_gazebo.urdf.xacro
[0.645s] -- Installing: /home/morenmoren/realman_gripper_ws/install/rm_description/share/rm_description/urdf/common_gazebo.urdf.xacro
[0.645s] -- Installing: /home/morenmoren/realman_gripper_ws/install/rm_description/share/rm_description/urdf/rm_gripper_control.urdf.xacro
[0.645s] -- Installing: /home/morenmoren/realman_gripper_ws/install/rm_description/share/rm_description/meshes
[0.645s] -- Installing: /home/morenmoren/realman_gripper_ws/install/rm_description/share/rm_description/meshes/rm_eco65_arm
[0.645s] -- Installing: /home/morenmoren/realman_gripper_ws/install/rm_description/share/rm_description/meshes/rm_eco65_arm/Link4.STL
[0.645s] -- Installing: /home/morenmoren/realman_gripper_ws/install/rm_description/share/rm_description/meshes/rm_eco65_arm/Link2.STL
[0.645s] -- Installing: /home/morenmoren/realman_gripper_ws/install/rm_description/share/rm_description/meshes/rm_eco65_arm/Link3.STL
[0.645s] -- Installing: /home/morenmoren/realman_gripper_ws/install/rm_description/share/rm_description/meshes/rm_eco65_arm/Link6_6f.STL
[0.646s] -- Installing: /home/morenmoren/realman_gripper_ws/install/rm_description/share/rm_description/meshes/rm_eco65_arm/Link1.STL
[0.646s] -- Installing: /home/morenmoren/realman_gripper_ws/install/rm_description/share/rm_description/meshes/rm_eco65_arm/Link5.STL
[0.647s] -- Installing: /home/morenmoren/realman_gripper_ws/install/rm_description/share/rm_description/meshes/rm_eco65_arm/Link6_6fb.STL
[0.647s] -- Installing: /home/morenmoren/realman_gripper_ws/install/rm_description/share/rm_description/meshes/rm_eco65_arm/baselink.STL
[0.647s] -- Installing: /home/morenmoren/realman_gripper_ws/install/rm_description/share/rm_description/meshes/rm_eco65_arm/Link6.STL
[0.648s] -- Installing: /home/morenmoren/realman_gripper_ws/install/rm_description/share/rm_description/meshes/rm_two_finger_gripper
[0.648s] -- Installing: /home/morenmoren/realman_gripper_ws/install/rm_description/share/rm_description/meshes/rm_two_finger_gripper/4C2_Link5.STL
[0.648s] -- Installing: /home/morenmoren/realman_gripper_ws/install/rm_description/share/rm_description/meshes/rm_two_finger_gripper/4C2_Link2.STL
[0.648s] -- Installing: /home/morenmoren/realman_gripper_ws/install/rm_description/share/rm_description/meshes/rm_two_finger_gripper/4C2_Link4.STL
[0.648s] -- Installing: /home/morenmoren/realman_gripper_ws/install/rm_description/share/rm_description/meshes/rm_two_finger_gripper/4C2_Link6.STL
[0.648s] -- Installing: /home/morenmoren/realman_gripper_ws/install/rm_description/share/rm_description/meshes/rm_two_finger_gripper/4C2_baselink.STL
[0.648s] -- Installing: /home/morenmoren/realman_gripper_ws/install/rm_description/share/rm_description/meshes/rm_two_finger_gripper/4C2_Link1.STL
[0.648s] -- Installing: /home/morenmoren/realman_gripper_ws/install/rm_description/share/rm_description/meshes/rm_two_finger_gripper/4C2_Link3.STL
[0.648s] -- Installing: /home/morenmoren/realman_gripper_ws/install/rm_description/share/ament_index/resource_index/package_run_dependencies/rm_description
[0.649s] -- Installing: /home/morenmoren/realman_gripper_ws/install/rm_description/share/ament_index/resource_index/parent_prefix_path/rm_description
[0.649s] -- Installing: /home/morenmoren/realman_gripper_ws/install/rm_description/share/rm_description/environment/ament_prefix_path.sh
[0.649s] -- Installing: /home/morenmoren/realman_gripper_ws/install/rm_description/share/rm_description/environment/ament_prefix_path.dsv
[0.649s] -- Installing: /home/morenmoren/realman_gripper_ws/install/rm_description/share/rm_description/environment/path.sh
[0.649s] -- Installing: /home/morenmoren/realman_gripper_ws/install/rm_description/share/rm_description/environment/path.dsv
[0.649s] -- Installing: /home/morenmoren/realman_gripper_ws/install/rm_description/share/rm_description/local_setup.bash
[0.649s] -- Installing: /home/morenmoren/realman_gripper_ws/install/rm_description/share/rm_description/local_setup.sh
[0.649s] -- Installing: /home/morenmoren/realman_gripper_ws/install/rm_description/share/rm_description/local_setup.zsh
[0.649s] -- Installing: /home/morenmoren/realman_gripper_ws/install/rm_description/share/rm_description/local_setup.dsv
[0.649s] -- Installing: /home/morenmoren/realman_gripper_ws/install/rm_description/share/rm_description/package.dsv
[0.649s] -- Installing: /home/morenmoren/realman_gripper_ws/install/rm_description/share/ament_index/resource_index/packages/rm_description
[0.649s] -- Installing: /home/morenmoren/realman_gripper_ws/install/rm_description/share/rm_description/cmake/rm_descriptionConfig.cmake
[0.649s] -- Installing: /home/morenmoren/realman_gripper_ws/install/rm_description/share/rm_description/cmake/rm_descriptionConfig-version.cmake
[0.649s] -- Installing: /home/morenmoren/realman_gripper_ws/install/rm_description/share/rm_description/package.xml
[0.650s] Invoked command in '/home/morenmoren/realman_gripper_ws/build/rm_description' returned '0': CMAKE_PREFIX_PATH=/opt/ros/humble CONDA_PROMPT_MODIFIER=(base) /usr/bin/cmake --install /home/morenmoren/realman_gripper_ws/build/rm_description
