[0.010s] Invoking command in '/home/morenmoren/realman_gripper_ws/build/rm_eco65_gripper': CMAKE_PREFIX_PATH=/home/morenmoren/realman_ros2_ws/install/rm_example:/home/morenmoren/realman_ros2_ws/install/rm_driver:/home/morenmoren/realman_ros2_ws/install/rm_control:/home/morenmoren/realman_ros2_ws/install/get_arm_state:/home/morenmoren/realman_ros2_ws/install/force_position_control:/home/morenmoren/realman_ros2_ws/install/control_arm_move:/home/morenmoren/realman_ros2_ws/install/rm_ros_interfaces:/home/morenmoren/realman_ros2_ws/install/rm_install:/home/morenmoren/realman_ros2_ws/install/rm_gen72_config:/home/morenmoren/realman_ros2_ws/install/rm_gazebo:/home/morenmoren/realman_ros2_ws/install/rm_eco65_config:/home/morenmoren/realman_ros2_ws/install/rm_eco63_config:/home/morenmoren/realman_ros2_ws/install/rm_doc:/home/morenmoren/realman_ros2_ws/install/rm_75_config:/home/morenmoren/realman_ros2_ws/install/rm_63_config:/home/morenmoren/realman_ros2_ws/install/rm_description:/home/morenmoren/realman_ros2_ws/install/rm_bringup:/home/morenmoren/realman_ros2_ws/install/rm_65_config:/opt/ros/humble:/home/morenmoren/realman_gripper_ws/install/rm_eco65_gripper:/home/morenmoren/realman_gripper_ws/install/rm_description /usr/bin/cmake --build /home/morenmoren/realman_gripper_ws/build/rm_eco65_gripper -- -j22 -l22
[0.044s] Invoked command in '/home/morenmoren/realman_gripper_ws/build/rm_eco65_gripper' returned '0': CMAKE_PREFIX_PATH=/home/morenmoren/realman_ros2_ws/install/rm_example:/home/morenmoren/realman_ros2_ws/install/rm_driver:/home/morenmoren/realman_ros2_ws/install/rm_control:/home/morenmoren/realman_ros2_ws/install/get_arm_state:/home/morenmoren/realman_ros2_ws/install/force_position_control:/home/morenmoren/realman_ros2_ws/install/control_arm_move:/home/morenmoren/realman_ros2_ws/install/rm_ros_interfaces:/home/morenmoren/realman_ros2_ws/install/rm_install:/home/morenmoren/realman_ros2_ws/install/rm_gen72_config:/home/morenmoren/realman_ros2_ws/install/rm_gazebo:/home/morenmoren/realman_ros2_ws/install/rm_eco65_config:/home/morenmoren/realman_ros2_ws/install/rm_eco63_config:/home/morenmoren/realman_ros2_ws/install/rm_doc:/home/morenmoren/realman_ros2_ws/install/rm_75_config:/home/morenmoren/realman_ros2_ws/install/rm_63_config:/home/morenmoren/realman_ros2_ws/install/rm_description:/home/morenmoren/realman_ros2_ws/install/rm_bringup:/home/morenmoren/realman_ros2_ws/install/rm_65_config:/opt/ros/humble:/home/morenmoren/realman_gripper_ws/install/rm_eco65_gripper:/home/morenmoren/realman_gripper_ws/install/rm_description /usr/bin/cmake --build /home/morenmoren/realman_gripper_ws/build/rm_eco65_gripper -- -j22 -l22
[0.050s] Invoking command in '/home/morenmoren/realman_gripper_ws/build/rm_eco65_gripper': CMAKE_PREFIX_PATH=/home/morenmoren/realman_ros2_ws/install/rm_example:/home/morenmoren/realman_ros2_ws/install/rm_driver:/home/morenmoren/realman_ros2_ws/install/rm_control:/home/morenmoren/realman_ros2_ws/install/get_arm_state:/home/morenmoren/realman_ros2_ws/install/force_position_control:/home/morenmoren/realman_ros2_ws/install/control_arm_move:/home/morenmoren/realman_ros2_ws/install/rm_ros_interfaces:/home/morenmoren/realman_ros2_ws/install/rm_install:/home/morenmoren/realman_ros2_ws/install/rm_gen72_config:/home/morenmoren/realman_ros2_ws/install/rm_gazebo:/home/morenmoren/realman_ros2_ws/install/rm_eco65_config:/home/morenmoren/realman_ros2_ws/install/rm_eco63_config:/home/morenmoren/realman_ros2_ws/install/rm_doc:/home/morenmoren/realman_ros2_ws/install/rm_75_config:/home/morenmoren/realman_ros2_ws/install/rm_63_config:/home/morenmoren/realman_ros2_ws/install/rm_description:/home/morenmoren/realman_ros2_ws/install/rm_bringup:/home/morenmoren/realman_ros2_ws/install/rm_65_config:/opt/ros/humble:/home/morenmoren/realman_gripper_ws/install/rm_eco65_gripper:/home/morenmoren/realman_gripper_ws/install/rm_description /usr/bin/cmake --install /home/morenmoren/realman_gripper_ws/build/rm_eco65_gripper
[0.054s] -- Install configuration: ""
[0.054s] -- Up-to-date: /home/morenmoren/realman_gripper_ws/install/rm_eco65_gripper/share/rm_eco65_gripper/launch
[0.054s] -- Installing: /home/morenmoren/realman_gripper_ws/install/rm_eco65_gripper/share/rm_eco65_gripper/launch/gazebo.launch.py
[0.054s] -- Up-to-date: /home/morenmoren/realman_gripper_ws/install/rm_eco65_gripper/share/rm_eco65_gripper/launch/display.launch.py
[0.054s] -- Up-to-date: /home/morenmoren/realman_gripper_ws/install/rm_eco65_gripper/share/rm_eco65_gripper/launch/gazebo_test.launch.py
[0.054s] -- Up-to-date: /home/morenmoren/realman_gripper_ws/install/rm_eco65_gripper/share/rm_eco65_gripper/urdf
[0.054s] -- Up-to-date: /home/morenmoren/realman_gripper_ws/install/rm_eco65_gripper/share/rm_eco65_gripper/urdf/rm_joint.urdf.xacro
[0.054s] -- Up-to-date: /home/morenmoren/realman_gripper_ws/install/rm_eco65_gripper/share/rm_eco65_gripper/urdf/rm_eco65_control.urdf.xacro
[0.054s] -- Up-to-date: /home/morenmoren/realman_gripper_ws/install/rm_eco65_gripper/share/rm_eco65_gripper/urdf/rm_eco65_gripper.urdf
[0.054s] -- Up-to-date: /home/morenmoren/realman_gripper_ws/install/rm_eco65_gripper/share/rm_eco65_gripper/urdf/rm_eco65_gripper_description.urdf.xacro
[0.054s] -- Up-to-date: /home/morenmoren/realman_gripper_ws/install/rm_eco65_gripper/share/rm_eco65_gripper/urdf/rm_two_finger_gripper.urdf.xacro
[0.055s] -- Up-to-date: /home/morenmoren/realman_gripper_ws/install/rm_eco65_gripper/share/rm_eco65_gripper/urdf/rm_eco65_gazebo.urdf.xacro
[0.055s] -- Up-to-date: /home/morenmoren/realman_gripper_ws/install/rm_eco65_gripper/share/rm_eco65_gripper/urdf/common_gazebo.urdf.xacro
[0.055s] -- Up-to-date: /home/morenmoren/realman_gripper_ws/install/rm_eco65_gripper/share/rm_eco65_gripper/urdf/rm_eco65_test.urdf.xacro
[0.055s] -- Up-to-date: /home/morenmoren/realman_gripper_ws/install/rm_eco65_gripper/share/rm_eco65_gripper/urdf/rm_gripper_control.urdf.xacro
[0.055s] -- Up-to-date: /home/morenmoren/realman_gripper_ws/install/rm_eco65_gripper/share/rm_eco65_gripper/meshes
[0.055s] -- Up-to-date: /home/morenmoren/realman_gripper_ws/install/rm_eco65_gripper/share/rm_eco65_gripper/meshes/rm_eco65_arm
[0.055s] -- Up-to-date: /home/morenmoren/realman_gripper_ws/install/rm_eco65_gripper/share/rm_eco65_gripper/meshes/rm_eco65_arm/Link4.STL
[0.055s] -- Up-to-date: /home/morenmoren/realman_gripper_ws/install/rm_eco65_gripper/share/rm_eco65_gripper/meshes/rm_eco65_arm/Link2.STL
[0.055s] -- Up-to-date: /home/morenmoren/realman_gripper_ws/install/rm_eco65_gripper/share/rm_eco65_gripper/meshes/rm_eco65_arm/Link3.STL
[0.055s] -- Up-to-date: /home/morenmoren/realman_gripper_ws/install/rm_eco65_gripper/share/rm_eco65_gripper/meshes/rm_eco65_arm/Link6_6f.STL
[0.055s] -- Up-to-date: /home/morenmoren/realman_gripper_ws/install/rm_eco65_gripper/share/rm_eco65_gripper/meshes/rm_eco65_arm/Link1.STL
[0.055s] -- Up-to-date: /home/morenmoren/realman_gripper_ws/install/rm_eco65_gripper/share/rm_eco65_gripper/meshes/rm_eco65_arm/Link5.STL
[0.055s] -- Up-to-date: /home/morenmoren/realman_gripper_ws/install/rm_eco65_gripper/share/rm_eco65_gripper/meshes/rm_eco65_arm/Link6_6fb.STL
[0.055s] -- Up-to-date: /home/morenmoren/realman_gripper_ws/install/rm_eco65_gripper/share/rm_eco65_gripper/meshes/rm_eco65_arm/baselink.STL
[0.055s] -- Up-to-date: /home/morenmoren/realman_gripper_ws/install/rm_eco65_gripper/share/rm_eco65_gripper/meshes/rm_eco65_arm/Link6.STL
[0.056s] -- Up-to-date: /home/morenmoren/realman_gripper_ws/install/rm_eco65_gripper/share/rm_eco65_gripper/meshes/rm_two_finger_gripper
[0.056s] -- Up-to-date: /home/morenmoren/realman_gripper_ws/install/rm_eco65_gripper/share/rm_eco65_gripper/meshes/rm_two_finger_gripper/4C2_Link5.STL
[0.056s] -- Up-to-date: /home/morenmoren/realman_gripper_ws/install/rm_eco65_gripper/share/rm_eco65_gripper/meshes/rm_two_finger_gripper/4C2_Link2.STL
[0.056s] -- Up-to-date: /home/morenmoren/realman_gripper_ws/install/rm_eco65_gripper/share/rm_eco65_gripper/meshes/rm_two_finger_gripper/4C2_Link4.STL
[0.056s] -- Up-to-date: /home/morenmoren/realman_gripper_ws/install/rm_eco65_gripper/share/rm_eco65_gripper/meshes/rm_two_finger_gripper/4C2_Link6.STL
[0.056s] -- Up-to-date: /home/morenmoren/realman_gripper_ws/install/rm_eco65_gripper/share/rm_eco65_gripper/meshes/rm_two_finger_gripper/4C2_baselink.STL
[0.056s] -- Up-to-date: /home/morenmoren/realman_gripper_ws/install/rm_eco65_gripper/share/rm_eco65_gripper/meshes/rm_two_finger_gripper/4C2_Link1.STL
[0.056s] -- Up-to-date: /home/morenmoren/realman_gripper_ws/install/rm_eco65_gripper/share/rm_eco65_gripper/meshes/rm_two_finger_gripper/4C2_Link3.STL
[0.056s] -- Up-to-date: /home/morenmoren/realman_gripper_ws/install/rm_eco65_gripper/share/rm_eco65_gripper/config
[0.056s] -- Up-to-date: /home/morenmoren/realman_gripper_ws/install/rm_eco65_gripper/share/rm_eco65_gripper/config/ros2_controller.yaml
[0.056s] -- Up-to-date: /home/morenmoren/realman_gripper_ws/install/rm_eco65_gripper/share/rm_eco65_gripper/config/ros2_controller_test.yaml
[0.056s] -- Up-to-date: /home/morenmoren/realman_gripper_ws/install/rm_eco65_gripper/share/ament_index/resource_index/package_run_dependencies/rm_eco65_gripper
[0.056s] -- Up-to-date: /home/morenmoren/realman_gripper_ws/install/rm_eco65_gripper/share/ament_index/resource_index/parent_prefix_path/rm_eco65_gripper
[0.056s] -- Up-to-date: /home/morenmoren/realman_gripper_ws/install/rm_eco65_gripper/share/rm_eco65_gripper/environment/ament_prefix_path.sh
[0.056s] -- Up-to-date: /home/morenmoren/realman_gripper_ws/install/rm_eco65_gripper/share/rm_eco65_gripper/environment/ament_prefix_path.dsv
[0.057s] -- Up-to-date: /home/morenmoren/realman_gripper_ws/install/rm_eco65_gripper/share/rm_eco65_gripper/environment/path.sh
[0.057s] -- Up-to-date: /home/morenmoren/realman_gripper_ws/install/rm_eco65_gripper/share/rm_eco65_gripper/environment/path.dsv
[0.057s] -- Up-to-date: /home/morenmoren/realman_gripper_ws/install/rm_eco65_gripper/share/rm_eco65_gripper/local_setup.bash
[0.057s] -- Up-to-date: /home/morenmoren/realman_gripper_ws/install/rm_eco65_gripper/share/rm_eco65_gripper/local_setup.sh
[0.057s] -- Up-to-date: /home/morenmoren/realman_gripper_ws/install/rm_eco65_gripper/share/rm_eco65_gripper/local_setup.zsh
[0.057s] -- Up-to-date: /home/morenmoren/realman_gripper_ws/install/rm_eco65_gripper/share/rm_eco65_gripper/local_setup.dsv
[0.057s] -- Installing: /home/morenmoren/realman_gripper_ws/install/rm_eco65_gripper/share/rm_eco65_gripper/package.dsv
[0.057s] -- Up-to-date: /home/morenmoren/realman_gripper_ws/install/rm_eco65_gripper/share/ament_index/resource_index/packages/rm_eco65_gripper
[0.057s] -- Up-to-date: /home/morenmoren/realman_gripper_ws/install/rm_eco65_gripper/share/rm_eco65_gripper/cmake/rm_eco65_gripperConfig.cmake
[0.057s] -- Up-to-date: /home/morenmoren/realman_gripper_ws/install/rm_eco65_gripper/share/rm_eco65_gripper/cmake/rm_eco65_gripperConfig-version.cmake
[0.057s] -- Up-to-date: /home/morenmoren/realman_gripper_ws/install/rm_eco65_gripper/share/rm_eco65_gripper/package.xml
[0.058s] Invoked command in '/home/morenmoren/realman_gripper_ws/build/rm_eco65_gripper' returned '0': CMAKE_PREFIX_PATH=/home/morenmoren/realman_ros2_ws/install/rm_example:/home/morenmoren/realman_ros2_ws/install/rm_driver:/home/morenmoren/realman_ros2_ws/install/rm_control:/home/morenmoren/realman_ros2_ws/install/get_arm_state:/home/morenmoren/realman_ros2_ws/install/force_position_control:/home/morenmoren/realman_ros2_ws/install/control_arm_move:/home/morenmoren/realman_ros2_ws/install/rm_ros_interfaces:/home/morenmoren/realman_ros2_ws/install/rm_install:/home/morenmoren/realman_ros2_ws/install/rm_gen72_config:/home/morenmoren/realman_ros2_ws/install/rm_gazebo:/home/morenmoren/realman_ros2_ws/install/rm_eco65_config:/home/morenmoren/realman_ros2_ws/install/rm_eco63_config:/home/morenmoren/realman_ros2_ws/install/rm_doc:/home/morenmoren/realman_ros2_ws/install/rm_75_config:/home/morenmoren/realman_ros2_ws/install/rm_63_config:/home/morenmoren/realman_ros2_ws/install/rm_description:/home/morenmoren/realman_ros2_ws/install/rm_bringup:/home/morenmoren/realman_ros2_ws/install/rm_65_config:/opt/ros/humble:/home/morenmoren/realman_gripper_ws/install/rm_eco65_gripper:/home/morenmoren/realman_gripper_ws/install/rm_description /usr/bin/cmake --install /home/morenmoren/realman_gripper_ws/build/rm_eco65_gripper
