[0.007s] Invoking command in '/home/morenmoren/realman_gripper_ws/build/rm_eco65_gripper': CONDA_PROMPT_MODIFIER=(base) /usr/bin/cmake /home/morenmoren/realman_gripper_ws/src/rm_eco65_gripper -DCATKIN_INSTALL_INTO_PREFIX_ROOT=0 -DCMAKE_INSTALL_PREFIX=/home/morenmoren/realman_gripper_ws/install/rm_eco65_gripper
[0.015s] [0mCMake Deprecation Warning at CMakeLists.txt:1 (cmake_minimum_required):
[0.015s]   Compatibility with CMake < 2.8.12 will be removed from a future version of
[0.015s]   CMake.
[0.015s] 
[0.015s]   Update the VERSION argument <min> value or use a ...<max> suffix to tell
[0.015s]   CMake that the project does not need compatibility with older versions.
[0.015s] 
[0.015s] [0m
[0.052s] -- The C compiler identification is GNU 12.3.0
[0.086s] -- The CXX compiler identification is GNU 11.4.0
[0.091s] -- Detecting C compiler ABI info
[0.141s] -- Detecting C compiler ABI info - done
[0.145s] -- Check for working C compiler: /usr/bin/cc - skipped
[0.145s] -- Detecting C compile features
[0.145s] -- Detecting C compile features - done
[0.147s] -- Detecting CXX compiler ABI info
[0.203s] -- Detecting CXX compiler ABI info - done
[0.210s] -- Check for working CXX compiler: /usr/bin/c++ - skipped
[0.210s] -- Detecting CXX compile features
[0.210s] -- Detecting CXX compile features - done
[0.216s] [31mCMake Error at CMakeLists.txt:5 (find_package):
[0.216s]   By not providing "Findcatkin.cmake" in CMAKE_MODULE_PATH this project has
[0.216s]   asked CMake to find a package configuration file provided by "catkin", but
[0.216s]   CMake did not find one.
[0.216s] 
[0.216s]   Could not find a package configuration file provided by "catkin" with any
[0.216s]   of the following names:
[0.216s] 
[0.216s]     catkinConfig.cmake
[0.216s]     catkin-config.cmake
[0.216s] 
[0.217s]   Add the installation prefix of "catkin" to CMAKE_PREFIX_PATH or set
[0.217s]   "catkin_DIR" to a directory containing one of the above files.  If "catkin"
[0.217s]   provides a separate development package or SDK, be sure it has been
[0.217s]   installed.
[0.217s] 
[0.217s] [0m
[0.217s] -- Configuring incomplete, errors occurred!
[0.217s] See also "/home/morenmoren/realman_gripper_ws/build/rm_eco65_gripper/CMakeFiles/CMakeOutput.log".
[0.218s] Invoked command in '/home/morenmoren/realman_gripper_ws/build/rm_eco65_gripper' returned '1': CONDA_PROMPT_MODIFIER=(base) /usr/bin/cmake /home/morenmoren/realman_gripper_ws/src/rm_eco65_gripper -DCATKIN_INSTALL_INTO_PREFIX_ROOT=0 -DCMAKE_INSTALL_PREFIX=/home/morenmoren/realman_gripper_ws/install/rm_eco65_gripper
